<?xml version="1.0" encoding="UTF-8"?>
<!-- Generated by org.testng.reporters.JUnitReportReporter -->
<testsuite skipped="0" hostname="mylaptop" name="Udemypractice.SeleniumTest" tests="2" failures="0" timestamp="2020-04-27T06:31:27 BST" time="0.015" errors="0">
  <testcase name="BrowserAutomation" time="0.013" classname="Udemypractice.SeleniumTest"/>
  <system-out/>
  <testcase name="elementsUi" time="0.002" classname="Udemypractice.SeleniumTest"/>
  <system-out/>
</testsuite> <!-- Udemypractice.SeleniumTest -->
