<?xml version="1.0" encoding="UTF-8"?>
<!-- Generated by org.testng.reporters.JUnitReportReporter -->
<testsuite skipped="0" hostname="mylaptop" name="Udemypractice.AppiumTest" tests="2" failures="0" timestamp="2020-04-27T06:31:27 BST" time="0.005" errors="0">
  <testcase name="NativeAndroid" time="0.003" classname="Udemypractice.AppiumTest"/>
  <system-out/>
  <testcase name="IosApps" time="0.002" classname="Udemypractice.AppiumTest"/>
  <system-out/>
</testsuite> <!-- Udemypractice.AppiumTest -->
