<?xml version="1.0" encoding="UTF-8"?>
<!-- Generated by org.testng.reporters.JUnitReportReporter -->
<testsuite skipped="0" hostname="mylaptop" name="Udemypractice.RestApiTest" tests="2" failures="0" timestamp="2020-04-25T14:51:47 BST" time="0.016" errors="0">
  <testcase name="postJira" time="0.000" classname="Udemypractice.RestApiTest"/>
  <system-out/>
  <testcase name="deleteTwitter" time="0.016" classname="Udemypractice.RestApiTest"/>
  <system-out/>
</testsuite> <!-- Udemypractice.RestApiTest -->
