<?xml version="1.0" encoding="UTF-8"?>
<!-- Generated by org.testng.reporters.JUnitReportReporter -->
<testsuite hostname="mylaptop" name="Udemypractice.SeleniumTest" tests="2" failures="0" timestamp="25 Apr 2020 14:37:10 GMT" time="0.015" errors="0">
  <testcase name="elementsUi" time="0.000" classname="Udemypractice.SeleniumTest"/>
  <testcase name="BrowserAutomation" time="0.015" classname="Udemypractice.SeleniumTest"/>
</testsuite>
