<?xml version="1.0" encoding="UTF-8"?>
<!-- Generated by org.testng.reporters.JUnitReportReporter -->
<testsuite hostname="mylaptop" name="Udemypractice.RestApiTest" tests="2" failures="0" timestamp="25 Apr 2020 14:37:10 GMT" time="0.000" errors="0">
  <testcase name="deleteTwitter" time="0.000" classname="Udemypractice.RestApiTest"/>
  <testcase name="postJira" time="0.000" classname="Udemypractice.RestApiTest"/>
</testsuite>
